Performing C SOURCE FILE Test CMAKE_HAVE_LIBC_PTHREAD failed with the following output:
Change Dir: /home/bogdan/Lam0Rka/workspace/projects/lab777/_builds/clang-cxx14/CMakeFiles/CMakeTmp

Run Build Command(s):/usr/bin/make cmTC_526df/fast && /usr/bin/make -f CMakeFiles/cmTC_526df.dir/build.make CMakeFiles/cmTC_526df.dir/build
make[1]: вход в каталог «/home/bogdan/Lam0Rka/workspace/projects/lab777/_builds/clang-cxx14/CMakeFiles/CMakeTmp»
Building C object CMakeFiles/cmTC_526df.dir/src.c.o
/usr/bin/clang   -DCMAKE_HAVE_LIBC_PTHREAD   -o CMakeFiles/cmTC_526df.dir/src.c.o   -c /home/bogdan/Lam0Rka/workspace/projects/lab777/_builds/clang-cxx14/CMakeFiles/CMakeTmp/src.c
Linking C executable cmTC_526df
/usr/bin/cmake -E cmake_link_script CMakeFiles/cmTC_526df.dir/link.txt --verbose=1
/usr/bin/clang  -DCMAKE_HAVE_LIBC_PTHREAD    CMakeFiles/cmTC_526df.dir/src.c.o  -o cmTC_526df 
/usr/bin/ld: CMakeFiles/cmTC_526df.dir/src.c.o: в функции «main»:
src.c:(.text+0x35): неопределённая ссылка на «pthread_create»
/usr/bin/ld: src.c:(.text+0x41): неопределённая ссылка на «pthread_detach»
/usr/bin/ld: src.c:(.text+0x53): неопределённая ссылка на «pthread_join»
clang: error: linker command failed with exit code 1 (use -v to see invocation)
make[1]: *** [CMakeFiles/cmTC_526df.dir/build.make:87: cmTC_526df] Ошибка 1
make[1]: выход из каталога «/home/bogdan/Lam0Rka/workspace/projects/lab777/_builds/clang-cxx14/CMakeFiles/CMakeTmp»
make: *** [Makefile:121: cmTC_526df/fast] Ошибка 2


Source file was:
#include <pthread.h>

void* test_func(void* data)
{
  return data;
}

int main(void)
{
  pthread_t thread;
  pthread_create(&thread, NULL, test_func, NULL);
  pthread_detach(thread);
  pthread_join(thread, NULL);
  pthread_atfork(NULL, NULL, NULL);
  pthread_exit(NULL);

  return 0;
}

Determining if the function pthread_create exists in the pthreads failed with the following output:
Change Dir: /home/bogdan/Lam0Rka/workspace/projects/lab777/_builds/clang-cxx14/CMakeFiles/CMakeTmp

Run Build Command(s):/usr/bin/make cmTC_5788d/fast && /usr/bin/make -f CMakeFiles/cmTC_5788d.dir/build.make CMakeFiles/cmTC_5788d.dir/build
make[1]: вход в каталог «/home/bogdan/Lam0Rka/workspace/projects/lab777/_builds/clang-cxx14/CMakeFiles/CMakeTmp»
Building C object CMakeFiles/cmTC_5788d.dir/CheckFunctionExists.c.o
/usr/bin/clang   -DCHECK_FUNCTION_EXISTS=pthread_create   -o CMakeFiles/cmTC_5788d.dir/CheckFunctionExists.c.o   -c /usr/share/cmake-3.16/Modules/CheckFunctionExists.c
Linking C executable cmTC_5788d
/usr/bin/cmake -E cmake_link_script CMakeFiles/cmTC_5788d.dir/link.txt --verbose=1
/usr/bin/clang  -DCHECK_FUNCTION_EXISTS=pthread_create    CMakeFiles/cmTC_5788d.dir/CheckFunctionExists.c.o  -o cmTC_5788d  -lpthreads 
/usr/bin/ld: невозможно найти -lpthreads
clang: error: linker command failed with exit code 1 (use -v to see invocation)
make[1]: *** [CMakeFiles/cmTC_5788d.dir/build.make:87: cmTC_5788d] Ошибка 1
make[1]: выход из каталога «/home/bogdan/Lam0Rka/workspace/projects/lab777/_builds/clang-cxx14/CMakeFiles/CMakeTmp»
make: *** [Makefile:121: cmTC_5788d/fast] Ошибка 2



